<?xml version="1.0" encoding="UTF-8"?>
<!-- Generated by org.testng.reporters.JUnitXMLReporter -->
<testsuite hostname="SSTPR059" ignored="0" name="chromeTest" tests="9" failures="0" timestamp="21 Nov 2019 12:36:44 GMT" time="15.865" errors="0">
  <testcase name="test1" time="0.535" classname="org.map.hashmap.TestClass"/>
  <testcase name="test2" time="3.708" classname="org.map.hashmap.TestClass"/>
  <testcase name="test3" time="0.446" classname="org.map.hashmap.TestClass"/>
  <testcase name="test4" time="0.984" classname="org.map.hashmap.TestClass"/>
  <testcase name="test5" time="0.573" classname="org.map.hashmap.TestClass"/>
  <testcase name="test6" time="0.563" classname="org.map.hashmap.TestClass"/>
  <testcase name="test7" time="0.537" classname="org.map.hashmap.TestClass"/>
  <testcase name="test8" time="0.538" classname="org.map.hashmap.TestClass"/>
  <testcase name="test9" time="2.202" classname="org.map.hashmap.TestClass"/>
</testsuite> <!-- chromeTest -->
