<?xml version="1.0" encoding="UTF-8"?>
<!-- Generated by org.testng.reporters.JUnitXMLReporter -->
<testsuite hostname="SSTPR059" ignored="0" name="firefoxTest" tests="9" failures="0" timestamp="21 Nov 2019 12:36:59 GMT" time="14.65" errors="0">
  <testcase name="test1" time="0.234" classname="org.map.hashmap.TestClass"/>
  <testcase name="test2" time="3.431" classname="org.map.hashmap.TestClass"/>
  <testcase name="test3" time="0.21" classname="org.map.hashmap.TestClass"/>
  <testcase name="test4" time="0.332" classname="org.map.hashmap.TestClass"/>
  <testcase name="test5" time="0.257" classname="org.map.hashmap.TestClass"/>
  <testcase name="test6" time="0.243" classname="org.map.hashmap.TestClass"/>
  <testcase name="test7" time="0.249" classname="org.map.hashmap.TestClass"/>
  <testcase name="test8" time="0.261" classname="org.map.hashmap.TestClass"/>
  <testcase name="test9" time="1.762" classname="org.map.hashmap.TestClass"/>
</testsuite> <!-- firefoxTest -->
